============================================================
XGBoost Energy Prediction — electricity_xgboost
Output: output/steamrate_xgboost_20260222_013922
Utility: STEAMRATE
Seed: 42
============================================================

--- Data Pipeline ---
Loading building metadata...
  Buildings with valid area: 1,178
Loading pre-cleaned data from data/cleaned_steamrate.csv...
  Cleaned meter readings: 1,464
  After aggregation: 1,464
  After 15-min resample: 5,856
  After building join: 5,856
  Unique buildings: 1
Loading weather data...
  After weather join: 5,836
  Outlier removal: 112 rows removed (1st-99th percentile)
  Final dataset: 5,724 rows, 1 buildings

--- Feature Engineering ---
  Features (25): ['temperature_2m', 'relative_humidity_2m', 'dew_point_2m', 'direct_radiation', 'wind_speed_10m', 'cloud_cover', 'apparent_temperature', 'precipitation', 'grossarea', 'floorsaboveground', 'building_age', 'hour_of_day', 'minute_of_hour', 'day_of_week', 'is_weekend', 'energy_lag_4', 'energy_lag_24', 'energy_lag_96', 'energy_lag_672', 'rolling_mean_96', 'rolling_std_96', 'rolling_mean_672', 'rolling_std_672', 'temp_x_area', 'humidity_x_area']
  Dataset after engineering: 5,052 rows

--- Train/Test Split ---
  Train: 2,164 rows | Test: 2,888 rows
  Features (25): ['temperature_2m', 'relative_humidity_2m', 'dew_point_2m', 'direct_radiation', 'wind_speed_10m', 'cloud_cover', 'apparent_temperature', 'precipitation', 'grossarea', 'floorsaboveground', 'building_age', 'hour_of_day', 'minute_of_hour', 'day_of_week', 'is_weekend', 'energy_lag_4', 'energy_lag_24', 'energy_lag_96', 'energy_lag_672', 'rolling_mean_96', 'rolling_std_96', 'rolling_mean_672', 'rolling_std_672', 'temp_x_area', 'humidity_x_area']

--- Training ---
[0]	validation_0-rmse:0.00015	validation_1-rmse:0.00016
[50]	validation_0-rmse:0.00015	validation_1-rmse:0.00016
  TensorBoard logs: output/steamrate_xgboost_20260222_013922/tensorboard

--- Evaluation ---
  SHAP plots saved.
  RMSE:  0.000162
  MAE:   0.000136
  R²:    -0.1182
  MAPE:  24.60%
  Trees: 1

--- Saving ---
  Model saved: output/steamrate_xgboost_20260222_013922/checkpoints/model_best.json
  Predictions saved: output/steamrate_xgboost_20260222_013922/predictions.parquet

============================================================
Done in 19.9s
Output directory: output/steamrate_xgboost_20260222_013922
============================================================
