============================================================
CNN Energy Prediction — energy_cnn
Output: output/energy_cnn_20260221_233317
Utility: ELECTRICITY
Seq length: 96
Seed: 42
============================================================

--- Data Pipeline ---
Loading building metadata...
  Buildings with valid area: 1,178
Loading meter data...
  Raw meter readings: 692,661
  After aggregation: 391,801
  After 15-min resample: 1,567,204
  After building join: 1,549,636
  Unique buildings: 265
Loading weather data...
  After weather join: 1,544,336
  Outlier removal: 15,444 rows removed (1st-99th percentile)
  Final dataset: 1,528,892 rows, 263 buildings

--- Train/Test Split ---
Train: 747,248 rows | Test: 781,644 rows

--- Creating Sequence Datasets ---
  Train windows: 180,763
  Test windows:  189,362

--- Model ---
  Parameters: 188,545
  Device: cuda
EnergyCNN(
  (conv): Sequential(
    (0): Conv1d(15, 64, kernel_size=(7,), stride=(1,), padding=(3,))
    (1): BatchNorm1d(64, eps=1e-05, momentum=0.1, affine=True, track_running_stats=True)
    (2): GELU(approximate='none')
    (3): MaxPool1d(kernel_size=2, stride=2, padding=0, dilation=1, ceil_mode=False)
    (4): Dropout(p=0.15, inplace=False)
    (5): Conv1d(64, 128, kernel_size=(5,), stride=(1,), padding=(2,))
    (6): BatchNorm1d(128, eps=1e-05, momentum=0.1, affine=True, track_running_stats=True)
    (7): GELU(approximate='none')
    (8): MaxPool1d(kernel_size=2, stride=2, padding=0, dilation=1, ceil_mode=False)
    (9): Dropout(p=0.15, inplace=False)
    (10): Conv1d(128, 256, kernel_size=(3,), stride=(1,), padding=(1,))
    (11): BatchNorm1d(256, eps=1e-05, momentum=0.1, affine=True, track_running_stats=True)
    (12): GELU(approximate='none')
    (13): MaxPool1d(kernel_size=2, stride=2, padding=0, dilation=1, ceil_mode=False)
    (14): Dropout(p=0.15, inplace=False)
  )
  (pool): AdaptiveAvgPool1d(output_size=1)
  (fc): Sequential(
    (0): Linear(in_features=256, out_features=128, bias=True)
    (1): GELU(approximate='none')
    (2): Dropout(p=0.3, inplace=False)
    (3): Linear(in_features=128, out_features=64, bias=True)
    (4): GELU(approximate='none')
    (5): Dropout(p=0.3, inplace=False)
    (6): Linear(in_features=64, out_features=1, bias=True)
  )
)

--- Training ---
