============================================================
XGBoost Energy Prediction — energy_xgboost
Output: output/energy_xgboost_20260222_000727
Utility: ELECTRICITY
Seed: 42
============================================================

--- Data Pipeline ---
Loading building metadata...
  Buildings with valid area: 1,178
Loading meter data...
  Raw meter readings: 692,661
  After aggregation: 391,801
  After 15-min resample: 1,567,204
  After building join: 1,549,636
  Unique buildings: 265
Loading weather data...
  After weather join: 1,544,336
  Outlier removal: 15,444 rows removed (1st-99th percentile)
  Final dataset: 1,528,892 rows, 263 buildings

--- Feature Engineering ---
  Features (25): ['temperature_2m', 'relative_humidity_2m', 'dew_point_2m', 'direct_radiation', 'wind_speed_10m', 'cloud_cover', 'apparent_temperature', 'precipitation', 'grossarea', 'floorsaboveground', 'building_age', 'hour_of_day', 'minute_of_hour', 'day_of_week', 'is_weekend', 'energy_lag_4', 'energy_lag_24', 'energy_lag_96', 'energy_lag_672', 'rolling_mean_96', 'rolling_std_96', 'rolling_mean_672', 'rolling_std_672', 'temp_x_area', 'humidity_x_area']
  Dataset after engineering: 1,352,156 rows

--- Train/Test Split ---
  Train: 570,512 rows | Test: 781,644 rows
  Features (25): ['temperature_2m', 'relative_humidity_2m', 'dew_point_2m', 'direct_radiation', 'wind_speed_10m', 'cloud_cover', 'apparent_temperature', 'precipitation', 'grossarea', 'floorsaboveground', 'building_age', 'hour_of_day', 'minute_of_hour', 'day_of_week', 'is_weekend', 'energy_lag_4', 'energy_lag_24', 'energy_lag_96', 'energy_lag_672', 'rolling_mean_96', 'rolling_std_96', 'rolling_mean_672', 'rolling_std_672', 'temp_x_area', 'humidity_x_area']

--- Training ---
[0]	validation_0-rmse:0.00028	validation_1-rmse:0.00025
[50]	validation_0-rmse:0.00005	validation_1-rmse:0.00006
[100]	validation_0-rmse:0.00004	validation_1-rmse:0.00006
[150]	validation_0-rmse:0.00004	validation_1-rmse:0.00005
[194]	validation_0-rmse:0.00004	validation_1-rmse:0.00005
  TensorBoard logs: output/energy_xgboost_20260222_000727/tensorboard

--- Evaluation ---
  SHAP plots saved.
  RMSE:  0.000054
  MAE:   0.000013
  R²:    0.9567
  MAPE:  1111.06%
  Trees: 145

--- Saving ---
  Model saved: output/energy_xgboost_20260222_000727/checkpoints/model_best.json
  Predictions saved: output/energy_xgboost_20260222_000727/predictions.parquet

============================================================
Done in 56.5s
Output directory: output/energy_xgboost_20260222_000727
============================================================
