============================================================
XGBoost Energy Prediction — electricity_xgboost
Output: output/heat_xgboost_20260222_013924
Utility: HEAT
Seed: 42
============================================================

--- Data Pipeline ---
Loading building metadata...
  Buildings with valid area: 1,178
Loading pre-cleaned data from data/cleaned_heat.csv...
  Cleaned meter readings: 227,364
  After aggregation: 189,523
  After 15-min resample: 758,092
  After building join: 758,092
  Unique buildings: 130
Loading weather data...
  After weather join: 755,516
  Outlier removal: 7,556 rows removed (1st-99th percentile)
  Final dataset: 747,960 rows, 130 buildings

--- Feature Engineering ---
  Features (25): ['temperature_2m', 'relative_humidity_2m', 'dew_point_2m', 'direct_radiation', 'wind_speed_10m', 'cloud_cover', 'apparent_temperature', 'precipitation', 'grossarea', 'floorsaboveground', 'building_age', 'hour_of_day', 'minute_of_hour', 'day_of_week', 'is_weekend', 'energy_lag_4', 'energy_lag_24', 'energy_lag_96', 'energy_lag_672', 'rolling_mean_96', 'rolling_std_96', 'rolling_mean_672', 'rolling_std_672', 'temp_x_area', 'humidity_x_area']
  Dataset after engineering: 660,900 rows

--- Train/Test Split ---
  Train: 279,932 rows | Test: 380,968 rows
  Features (25): ['temperature_2m', 'relative_humidity_2m', 'dew_point_2m', 'direct_radiation', 'wind_speed_10m', 'cloud_cover', 'apparent_temperature', 'precipitation', 'grossarea', 'floorsaboveground', 'building_age', 'hour_of_day', 'minute_of_hour', 'day_of_week', 'is_weekend', 'energy_lag_4', 'energy_lag_24', 'energy_lag_96', 'energy_lag_672', 'rolling_mean_96', 'rolling_std_96', 'rolling_mean_672', 'rolling_std_672', 'temp_x_area', 'humidity_x_area']

--- Training ---
[0]	validation_0-rmse:0.00010	validation_1-rmse:0.00011
[50]	validation_0-rmse:0.00003	validation_1-rmse:0.00004
[100]	validation_0-rmse:0.00002	validation_1-rmse:0.00003
[150]	validation_0-rmse:0.00002	validation_1-rmse:0.00003
[155]	validation_0-rmse:0.00002	validation_1-rmse:0.00003
  TensorBoard logs: output/heat_xgboost_20260222_013924/tensorboard

--- Evaluation ---
  SHAP plots saved.
  RMSE:  0.000033
  MAE:   0.000017
  R²:    0.9200
  MAPE:  155043.95%
  Trees: 106

--- Saving ---
  Model saved: output/heat_xgboost_20260222_013924/checkpoints/model_best.json
  Predictions saved: output/heat_xgboost_20260222_013924/predictions.parquet

============================================================
Done in 118.6s
Output directory: output/heat_xgboost_20260222_013924
============================================================
